<?xml version="1.0" encoding="UTF-8"?>
<robot generator="Robot 4.0.1 (Python 3.9.5 on win32)" generated="20210604 16:33:00.468" rpa="false" schemaversion="2">
<suite id="s1" name="Play" source="C:\rfw\Parodify\test\play.robot">
<test id="s1-t1" name="testando player">
<kw name="teste login pagina" library="login">
<kw name="New Browser" library="Browser">
<arg>chromium</arg>
<arg>false</arg>
<tag>BrowserControl</tag>
<tag>Setter</tag>
<doc>Create a new playwright Browser with specified options.
See `Browser, Context and Page` for more information about Browser and related concepts.</doc>
<msg timestamp="20210604 16:33:01.336" level="INFO">{"browser": "chromium", "headless": false, "handleSIGINT": true, "handleSIGTERM": true, "handleSIGHUP": true, "timeout": 30000.0, "devtools": false, "slowMo": 0.0}</msg>
<msg timestamp="20210604 16:33:02.156" level="INFO">Successfully created browser with options: {"browser":"chromium","headless":false,"handleSIGINT":true,"handleSIGTERM":true,"handleSIGHUP":true,"timeout":30000,"devtools":false,"slowMo":0}</msg>
<status status="PASS" starttime="20210604 16:33:01.336" endtime="20210604 16:33:02.156"/>
</kw>
<kw name="New Page" library="Browser">
<arg>https://parodify.herokuapp.com/users/sign_in</arg>
<tag>BrowserControl</tag>
<tag>Setter</tag>
<doc>Open a new Page. A Page is the Playwright equivalent to a tab.
See `Browser, Context and Page` for more information about Page concept.
Returns a stable identifier for the created page.</doc>
<msg timestamp="20210604 16:33:08.575" level="INFO">Successfully initialized new page object and opened url: https://parodify.herokuapp.com/users/sign_in</msg>
<msg timestamp="20210604 16:33:08.575" level="INFO">No context was open. New context was automatically opened when this page is created.</msg>
<status status="PASS" starttime="20210604 16:33:02.156" endtime="20210604 16:33:08.576"/>
</kw>
<status status="PASS" starttime="20210604 16:33:01.335" endtime="20210604 16:33:08.576"/>
</kw>
<kw name="teste login" library="login">
<arg>papito@parodify.com</arg>
<arg>pwd123</arg>
<kw name="Fill Text" library="Browser">
<arg>css=#user_email</arg>
<arg>${login_args}</arg>
<tag>PageContent</tag>
<tag>Setter</tag>
<doc>Clears and fills the given ``text`` into the text field found by ``selector``.</doc>
<msg timestamp="20210604 16:33:08.581" level="INFO">Fills the text 'papito@parodify.com' in the given field.</msg>
<status status="PASS" starttime="20210604 16:33:08.581" endtime="20210604 16:33:08.673"/>
</kw>
<kw name="Fill Text" library="Browser">
<arg>css=#user_password</arg>
<arg>${pass_args}</arg>
<tag>PageContent</tag>
<tag>Setter</tag>
<doc>Clears and fills the given ``text`` into the text field found by ``selector``.</doc>
<msg timestamp="20210604 16:33:08.674" level="INFO">Fills the text 'pwd123' in the given field.</msg>
<status status="PASS" starttime="20210604 16:33:08.673" endtime="20210604 16:33:08.691"/>
</kw>
<kw name="Click" library="Browser">
<arg>css=input[type=submit]</arg>
<tag>PageContent</tag>
<tag>Setter</tag>
<doc>Simulates mouse click on the element found by ``selector``.</doc>
<status status="PASS" starttime="20210604 16:33:08.691" endtime="20210604 16:33:09.267"/>
</kw>
<status status="PASS" starttime="20210604 16:33:08.579" endtime="20210604 16:33:09.268"/>
</kw>
<kw name="logout link" library="home_logada">
<kw name="Wait For Elements State" library="Browser">
<arg>css=a[href$=sign_out]</arg>
<arg>visible</arg>
<arg>10</arg>
<tag>PageContent</tag>
<tag>Wait</tag>
<doc>Waits for the element found by ``selector`` to satisfy state option.</doc>
<msg timestamp="20210604 16:33:09.632" level="INFO">Wait for Element with selector: css=a[href$=sign_out]</msg>
<status status="PASS" starttime="20210604 16:33:09.269" endtime="20210604 16:33:09.633"/>
</kw>
<status status="PASS" starttime="20210604 16:33:09.269" endtime="20210604 16:33:09.633"/>
</kw>
<kw name="vai para pagina buscar" library="home_logada">
<kw name="Click" library="Browser">
<arg>a[href="/search/new"]</arg>
<tag>PageContent</tag>
<tag>Setter</tag>
<doc>Simulates mouse click on the element found by ``selector``.</doc>
<status status="PASS" starttime="20210604 16:33:09.635" endtime="20210604 16:33:09.684"/>
</kw>
<kw name="Get Text" library="Browser">
<arg>css=h2</arg>
<arg>equal</arg>
<arg>Buscar</arg>
<tag>Assertion</tag>
<tag>Getter</tag>
<tag>PageContent</tag>
<doc>Returns text attribute of the element found by ``selector``.
See the `Finding elements` section for details about the selectors.</doc>
<status status="PASS" starttime="20210604 16:33:09.685" endtime="20210604 16:33:10.452"/>
</kw>
<kw name="Sleep" library="BuiltIn">
<arg>2</arg>
<doc>Pauses the test executed for the given time.</doc>
<msg timestamp="20210604 16:33:12.455" level="INFO">Slept 2 seconds</msg>
<status status="PASS" starttime="20210604 16:33:10.452" endtime="20210604 16:33:12.455"/>
</kw>
<status status="PASS" starttime="20210604 16:33:09.634" endtime="20210604 16:33:12.456"/>
</kw>
<kw name="vai para o album artista" library="procurar">
<arg>rock</arg>
<kw name="Click" library="Browser">
<arg>xpath=//img[contains(@src, "${ritimo_artista}.png")]/..</arg>
<tag>PageContent</tag>
<tag>Setter</tag>
<doc>Simulates mouse click on the element found by ``selector``.</doc>
<status status="PASS" starttime="20210604 16:33:12.459" endtime="20210604 16:33:12.541"/>
</kw>
<kw name="Sleep" library="BuiltIn">
<arg>2</arg>
<doc>Pauses the test executed for the given time.</doc>
<msg timestamp="20210604 16:33:14.544" level="INFO">Slept 2 seconds</msg>
<status status="PASS" starttime="20210604 16:33:12.542" endtime="20210604 16:33:14.544"/>
</kw>
<kw name="Get Text" library="Browser">
<arg>css=h2</arg>
<arg>equal</arg>
<arg>Rock</arg>
<tag>Assertion</tag>
<tag>Getter</tag>
<tag>PageContent</tag>
<doc>Returns text attribute of the element found by ``selector``.
See the `Finding elements` section for details about the selectors.</doc>
<status status="PASS" starttime="20210604 16:33:14.545" endtime="20210604 16:33:14.587"/>
</kw>
<status status="PASS" starttime="20210604 16:33:12.458" endtime="20210604 16:33:14.587"/>
</kw>
<kw name="vai para discografia artista" library="categorias">
<arg>QA/DC</arg>
<kw name="Click" library="Browser">
<arg>xpath=//p[contains(text(), "${artista_album}")]</arg>
<tag>PageContent</tag>
<tag>Setter</tag>
<doc>Simulates mouse click on the element found by ``selector``.</doc>
<status status="PASS" starttime="20210604 16:33:14.590" endtime="20210604 16:33:14.650"/>
</kw>
<kw name="Sleep" library="BuiltIn">
<arg>2</arg>
<doc>Pauses the test executed for the given time.</doc>
<msg timestamp="20210604 16:33:16.654" level="INFO">Slept 2 seconds</msg>
<status status="PASS" starttime="20210604 16:33:14.650" endtime="20210604 16:33:16.654"/>
</kw>
<kw name="Get Text" library="Browser">
<arg>css=h2</arg>
<arg>equal</arg>
<arg>Músicas</arg>
<tag>Assertion</tag>
<tag>Getter</tag>
<tag>PageContent</tag>
<doc>Returns text attribute of the element found by ``selector``.
See the `Finding elements` section for details about the selectors.</doc>
<status status="PASS" starttime="20210604 16:33:16.655" endtime="20210604 16:33:16.694"/>
</kw>
<status status="PASS" starttime="20210604 16:33:14.589" endtime="20210604 16:33:16.694"/>
</kw>
<kw name="reproduz musica" library="album">
<arg>CSS Style</arg>
<kw name="Click" library="Browser">
<arg>xpath=//h2[contains(text(), "${play_som}")]/../..//a</arg>
<tag>PageContent</tag>
<tag>Setter</tag>
<doc>Simulates mouse click on the element found by ``selector``.</doc>
<status status="PASS" starttime="20210604 16:33:16.696" endtime="20210604 16:33:16.745"/>
</kw>
<kw name="Sleep" library="BuiltIn">
<arg>5</arg>
<doc>Pauses the test executed for the given time.</doc>
<msg timestamp="20210604 16:33:21.760" level="INFO">Slept 5 seconds</msg>
<status status="PASS" starttime="20210604 16:33:16.745" endtime="20210604 16:33:21.760"/>
</kw>
<status status="PASS" starttime="20210604 16:33:16.695" endtime="20210604 16:33:21.761"/>
</kw>
<kw name="pause musica" library="album">
<kw name="Click" library="Browser">
<arg>xpath=/html/body/section/div[2]/div[2]/div/div[1]/a/i</arg>
<tag>PageContent</tag>
<tag>Setter</tag>
<doc>Simulates mouse click on the element found by ``selector``.</doc>
<status status="PASS" starttime="20210604 16:33:21.764" endtime="20210604 16:33:21.848"/>
</kw>
<kw name="Sleep" library="BuiltIn">
<arg>2</arg>
<doc>Pauses the test executed for the given time.</doc>
<msg timestamp="20210604 16:33:23.859" level="INFO">Slept 2 seconds</msg>
<status status="PASS" starttime="20210604 16:33:21.848" endtime="20210604 16:33:23.859"/>
</kw>
<status status="PASS" starttime="20210604 16:33:21.763" endtime="20210604 16:33:23.860"/>
</kw>
<status status="PASS" starttime="20210604 16:33:01.333" endtime="20210604 16:33:23.862"/>
</test>
<doc>teste da pagina de home play</doc>
<status status="PASS" starttime="20210604 16:33:00.470" endtime="20210604 16:33:23.974"/>
</suite>
<statistics>
<total>
<stat pass="1" fail="0" skip="0">All Tests</stat>
</total>
<tag>
</tag>
<suite>
<stat pass="1" fail="0" skip="0" id="s1" name="Play">Play</stat>
</suite>
</statistics>
<errors>
</errors>
</robot>
